<?xml version="1.0" encoding="UTF-8"?>
<testng-results ignored="0" total="1" passed="1" failed="0" skipped="0">
  <reporter-output>
    <line>
      <![CDATA[create customer]]>
    </line>
  </reporter-output>
  <suite started-at="2024-09-19T16:45:28 IST" name="Default suite" finished-at="2024-09-19T16:45:37 IST" duration-ms="9501">
    <groups>
    </groups>
    <test started-at="2024-09-19T16:45:28 IST" name="Default test" finished-at="2024-09-19T16:45:37 IST" duration-ms="9501">
      <class name="com.Actitime.testscripts.CustomerTest">
        <test-method signature="createTest()[pri:0, instance:com.Actitime.testscripts.CustomerTest@130c12b7]" started-at="2024-09-19T16:45:28 IST" name="createTest" finished-at="2024-09-19T16:45:37 IST" duration-ms="9425" status="PASS">
          <reporter-output>
            <line>
              <![CDATA[create customer]]>
            </line>
          </reporter-output>
        </test-method> <!-- createTest -->
      </class> <!-- com.Actitime.testscripts.CustomerTest -->
    </test> <!-- Default test -->
  </suite> <!-- Default suite -->
</testng-results>
